/!\ FAILSAFE /!\  Sat Dec 19 09:15:47 +0530 2009
  Status: 500 Internal Server Error
  Unknown database 'sunny'
    /usr/lib/ruby/gems/1.8/gems/activerecord-2.3.4/lib/active_record/connection_adapters/mysql_adapter.rb:585:in `real_connect'
    /usr/lib/ruby/gems/1.8/gems/activerecord-2.3.4/lib/active_record/connection_adapters/mysql_adapter.rb:585:in `connect'
    /usr/lib/ruby/gems/1.8/gems/activerecord-2.3.4/lib/active_record/connection_adapters/mysql_adapter.rb:199:in `initialize'
    /usr/lib/ruby/gems/1.8/gems/activerecord-2.3.4/lib/active_record/connection_adapters/mysql_adapter.rb:71:in `new'
    /usr/lib/ruby/gems/1.8/gems/activerecord-2.3.4/lib/active_record/connection_adapters/mysql_adapter.rb:71:in `mysql_connection'
    /usr/lib/ruby/gems/1.8/gems/activerecord-2.3.4/lib/active_record/connection_adapters/abstract/connection_pool.rb:223:in `send'
    /usr/lib/ruby/gems/1.8/gems/activerecord-2.3.4/lib/active_record/connection_adapters/abstract/connection_pool.rb:223:in `new_connection'
    /usr/lib/ruby/gems/1.8/gems/activerecord-2.3.4/lib/active_record/connection_adapters/abstract/connection_pool.rb:245:in `checkout_new_connection'
    /usr/lib/ruby/gems/1.8/gems/activerecord-2.3.4/lib/active_record/connection_adapters/abstract/connection_pool.rb:188:in `checkout'
    /usr/lib/ruby/gems/1.8/gems/activerecord-2.3.4/lib/active_record/connection_adapters/abstract/connection_pool.rb:184:in `loop'
    /usr/lib/ruby/gems/1.8/gems/activerecord-2.3.4/lib/active_record/connection_adapters/abstract/connection_pool.rb:184:in `checkout'
    /usr/lib/ruby/1.8/monitor.rb:242:in `synchronize'
    /usr/lib/ruby/gems/1.8/gems/activerecord-2.3.4/lib/active_record/connection_adapters/abstract/connection_pool.rb:183:in `checkout'
    /usr/lib/ruby/gems/1.8/gems/activerecord-2.3.4/lib/active_record/connection_adapters/abstract/connection_pool.rb:98:in `connection'
    /usr/lib/ruby/gems/1.8/gems/activerecord-2.3.4/lib/active_record/connection_adapters/abstract/connection_pool.rb:326:in `retrieve_connection'
    /usr/lib/ruby/gems/1.8/gems/activerecord-2.3.4/lib/active_record/connection_adapters/abstract/connection_specification.rb:123:in `retrieve_connection'
    /usr/lib/ruby/gems/1.8/gems/activerecord-2.3.4/lib/active_record/connection_adapters/abstract/connection_specification.rb:115:in `connection'
    /usr/lib/ruby/gems/1.8/gems/activerecord-2.3.4/lib/active_record/query_cache.rb:9:in `cache'
    /usr/lib/ruby/gems/1.8/gems/activerecord-2.3.4/lib/active_record/query_cache.rb:28:in `call'
    /usr/lib/ruby/gems/1.8/gems/activerecord-2.3.4/lib/active_record/connection_adapters/abstract/connection_pool.rb:361:in `call'
    /usr/lib/ruby/gems/1.8/gems/rack-1.0.0/lib/rack/head.rb:9:in `call'
    /usr/lib/ruby/gems/1.8/gems/rack-1.0.0/lib/rack/methodoverride.rb:24:in `call'
    /usr/lib/ruby/gems/1.8/gems/actionpack-2.3.4/lib/action_controller/params_parser.rb:15:in `call'
    /usr/lib/ruby/gems/1.8/gems/actionpack-2.3.4/lib/action_controller/session/cookie_store.rb:93:in `call'
    /usr/lib/ruby/gems/1.8/gems/actionpack-2.3.4/lib/action_controller/failsafe.rb:26:in `call'
    /usr/lib/ruby/gems/1.8/gems/rack-1.0.0/lib/rack/lock.rb:11:in `call'
    /usr/lib/ruby/gems/1.8/gems/rack-1.0.0/lib/rack/lock.rb:11:in `synchronize'
    /usr/lib/ruby/gems/1.8/gems/rack-1.0.0/lib/rack/lock.rb:11:in `call'
    /usr/lib/ruby/gems/1.8/gems/actionpack-2.3.4/lib/action_controller/dispatcher.rb:114:in `call'
    /usr/lib/ruby/gems/1.8/gems/actionpack-2.3.4/lib/action_controller/reloader.rb:34:in `run'
    /usr/lib/ruby/gems/1.8/gems/actionpack-2.3.4/lib/action_controller/dispatcher.rb:108:in `call'
    /usr/lib/ruby/gems/1.8/gems/rails-2.3.4/lib/rails/rack/static.rb:31:in `call'
    /usr/lib/ruby/gems/1.8/gems/rack-1.0.0/lib/rack/urlmap.rb:46:in `call'
    /usr/lib/ruby/gems/1.8/gems/rack-1.0.0/lib/rack/urlmap.rb:40:in `each'
    /usr/lib/ruby/gems/1.8/gems/rack-1.0.0/lib/rack/urlmap.rb:40:in `call'
    /usr/lib/ruby/gems/1.8/gems/rails-2.3.4/lib/rails/rack/log_tailer.rb:17:in `call'
    /usr/lib/ruby/gems/1.8/gems/rack-1.0.0/lib/rack/content_length.rb:13:in `call'
    /usr/lib/ruby/gems/1.8/gems/rack-1.0.0/lib/rack/chunked.rb:15:in `call'
    /usr/lib/ruby/gems/1.8/gems/rack-1.0.0/lib/rack/handler/mongrel.rb:61:in `process'
    /usr/lib/ruby/gems/1.8/gems/mongrel-1.1.5/lib/mongrel.rb:159:in `process_client'
    /usr/lib/ruby/gems/1.8/gems/mongrel-1.1.5/lib/mongrel.rb:158:in `each'
    /usr/lib/ruby/gems/1.8/gems/mongrel-1.1.5/lib/mongrel.rb:158:in `process_client'
    /usr/lib/ruby/gems/1.8/gems/mongrel-1.1.5/lib/mongrel.rb:285:in `run'
    /usr/lib/ruby/gems/1.8/gems/mongrel-1.1.5/lib/mongrel.rb:285:in `initialize'
    /usr/lib/ruby/gems/1.8/gems/mongrel-1.1.5/lib/mongrel.rb:285:in `new'
    /usr/lib/ruby/gems/1.8/gems/mongrel-1.1.5/lib/mongrel.rb:285:in `run'
    /usr/lib/ruby/gems/1.8/gems/mongrel-1.1.5/lib/mongrel.rb:268:in `initialize'
    /usr/lib/ruby/gems/1.8/gems/mongrel-1.1.5/lib/mongrel.rb:268:in `new'
    /usr/lib/ruby/gems/1.8/gems/mongrel-1.1.5/lib/mongrel.rb:268:in `run'
    /usr/lib/ruby/gems/1.8/gems/rack-1.0.0/lib/rack/handler/mongrel.rb:34:in `run'
    /usr/lib/ruby/gems/1.8/gems/rails-2.3.4/lib/commands/server.rb:111
    /usr/lib/ruby/site_ruby/1.8/rubygems/custom_require.rb:31:in `gem_original_require'
    /usr/lib/ruby/site_ruby/1.8/rubygems/custom_require.rb:31:in `require'
    script/server:3
  [4;36;1mSQL (0.1ms)[0m   [0;1mSET NAMES 'utf8'[0m
  [4;35;1mSQL (0.1ms)[0m   [0mSET SQL_AUTO_IS_NULL=0[0m
  [4;36;1mSQL (13.5ms)[0m   [0;1mSHOW TABLES[0m
  [4;35;1mSQL (36.5ms)[0m   [0mCREATE TABLE `schema_migrations` (`version` varchar(255) NOT NULL) ENGINE=InnoDB[0m
  [4;36;1mSQL (5.7ms)[0m   [0;1mCREATE UNIQUE INDEX `unique_schema_migrations` ON `schema_migrations` (`version`)[0m
  [4;35;1mSQL (0.3ms)[0m   [0mSHOW TABLES[0m
  [4;36;1mSQL (0.3ms)[0m   [0;1mSELECT version FROM schema_migrations[0m
Migrating to CreateTests (20091219034418)
  [4;35;1mSQL (2.5ms)[0m   [0mCREATE TABLE `tests` (`id` int(11) DEFAULT NULL auto_increment PRIMARY KEY, `name` varchar(255), `roll` int(11), `created_at` datetime, `updated_at` datetime) ENGINE=InnoDB[0m
  [4;36;1mSQL (0.5ms)[0m   [0;1mINSERT INTO schema_migrations (version) VALUES ('20091219034418')[0m
  [4;35;1mSQL (0.3ms)[0m   [0mSHOW TABLES[0m
  [4;36;1mSQL (0.1ms)[0m   [0;1mSELECT version FROM schema_migrations[0m
  [4;35;1mSQL (0.1ms)[0m   [0mSHOW TABLES[0m
  [4;36;1mSQL (0.9ms)[0m   [0;1mSHOW FIELDS FROM `tests`[0m
  [4;35;1mSQL (0.7ms)[0m   [0mdescribe `tests`[0m
  [4;36;1mSQL (0.2ms)[0m   [0;1mSHOW KEYS FROM `tests`[0m
  [4;36;1mSQL (0.1ms)[0m   [0;1mSET NAMES 'utf8'[0m
  [4;35;1mSQL (0.1ms)[0m   [0mSET SQL_AUTO_IS_NULL=0[0m


Processing TestsController#index (for 127.0.0.1 at 2009-12-19 09:21:36) [GET]
  [4;36;1mTest Load (0.4ms)[0m   [0;1mSELECT * FROM `tests` [0m
Rendering template within layouts/tests
Rendering tests/index
Completed in 162ms (View: 151, DB: 1) | 200 OK [http://localhost/tests]
  [4;35;1mSQL (0.1ms)[0m   [0mSET NAMES 'utf8'[0m
  [4;36;1mSQL (0.1ms)[0m   [0;1mSET SQL_AUTO_IS_NULL=0[0m


Processing TestsController#new (for 127.0.0.1 at 2009-12-19 09:21:50) [GET]
  [4;35;1mTest Columns (1.0ms)[0m   [0mSHOW FIELDS FROM `tests`[0m
Rendering template within layouts/tests
Rendering tests/new
Completed in 25ms (View: 14, DB: 1) | 200 OK [http://localhost/tests/new]
  [4;36;1mSQL (0.1ms)[0m   [0;1mSET NAMES 'utf8'[0m
  [4;35;1mSQL (0.1ms)[0m   [0mSET SQL_AUTO_IS_NULL=0[0m


Processing TestsController#create (for 127.0.0.1 at 2009-12-19 09:22:19) [POST]
  Parameters: {"commit"=>"Create", "authenticity_token"=>"LNhJxbzNvEiggk1qvPLglELlK8u+pf32on7N7BAX41s=", "test"=>{"roll"=>"1", "name"=>"Sunny"}}
  [4;36;1mTest Columns (0.9ms)[0m   [0;1mSHOW FIELDS FROM `tests`[0m
  [4;35;1mSQL (14.2ms)[0m   [0mBEGIN[0m
  [4;36;1mTest Create (15.6ms)[0m   [0;1mINSERT INTO `tests` (`name`, `roll`, `updated_at`, `created_at`) VALUES('Sunny', 1, '2009-12-19 03:52:19', '2009-12-19 03:52:19')[0m
  [4;35;1mSQL (2.8ms)[0m   [0mCOMMIT[0m
Redirected to http://localhost:3000/tests/1
Completed in 50ms (DB: 34) | 302 Found [http://localhost/tests]
  [4;36;1mSQL (0.1ms)[0m   [0;1mSET NAMES 'utf8'[0m
  [4;35;1mSQL (0.1ms)[0m   [0mSET SQL_AUTO_IS_NULL=0[0m


Processing TestsController#show (for 127.0.0.1 at 2009-12-19 09:22:19) [GET]
  Parameters: {"id"=>"1"}
  [4;36;1mTest Columns (1.0ms)[0m   [0;1mSHOW FIELDS FROM `tests`[0m
  [4;35;1mTest Load (39.3ms)[0m   [0mSELECT * FROM `tests` WHERE (`tests`.`id` = 1) [0m
Rendering template within layouts/tests
Rendering tests/show
Completed in 64ms (View: 14, DB: 40) | 200 OK [http://localhost/tests/1]
  [4;36;1mSQL (0.1ms)[0m   [0;1mSET NAMES 'utf8'[0m
  [4;35;1mSQL (0.1ms)[0m   [0mSET SQL_AUTO_IS_NULL=0[0m


Processing TestsController#edit (for 127.0.0.1 at 2009-12-19 09:22:28) [GET]
  Parameters: {"id"=>"1"}
  [4;36;1mTest Columns (0.9ms)[0m   [0;1mSHOW FIELDS FROM `tests`[0m
  [4;35;1mTest Load (0.2ms)[0m   [0mSELECT * FROM `tests` WHERE (`tests`.`id` = 1) [0m
Rendering template within layouts/tests
Rendering tests/edit
Completed in 24ms (View: 14, DB: 1) | 200 OK [http://localhost/tests/1/edit]
  [4;36;1mSQL (0.1ms)[0m   [0;1mSET NAMES 'utf8'[0m
  [4;35;1mSQL (0.1ms)[0m   [0mSET SQL_AUTO_IS_NULL=0[0m


Processing TestsController#update (for 127.0.0.1 at 2009-12-19 09:22:33) [PUT]
  Parameters: {"commit"=>"Update", "authenticity_token"=>"LNhJxbzNvEiggk1qvPLglELlK8u+pf32on7N7BAX41s=", "id"=>"1", "test"=>{"roll"=>"2", "name"=>"Sunny"}}
  [4;36;1mTest Columns (0.8ms)[0m   [0;1mSHOW FIELDS FROM `tests`[0m
  [4;35;1mTest Load (0.3ms)[0m   [0mSELECT * FROM `tests` WHERE (`tests`.`id` = 1) [0m
  [4;36;1mSQL (0.1ms)[0m   [0;1mBEGIN[0m
  [4;35;1mTest Update (43.4ms)[0m   [0mUPDATE `tests` SET `roll` = 2, `updated_at` = '2009-12-19 03:52:33' WHERE `id` = 1[0m
  [4;36;1mSQL (6.5ms)[0m   [0;1mCOMMIT[0m
Redirected to http://localhost:3000/tests/1
Completed in 65ms (DB: 51) | 302 Found [http://localhost/tests/1]
  [4;35;1mSQL (0.1ms)[0m   [0mSET NAMES 'utf8'[0m
  [4;36;1mSQL (0.1ms)[0m   [0;1mSET SQL_AUTO_IS_NULL=0[0m


Processing TestsController#show (for 127.0.0.1 at 2009-12-19 09:22:33) [GET]
  Parameters: {"id"=>"1"}
  [4;35;1mTest Columns (1.0ms)[0m   [0mSHOW FIELDS FROM `tests`[0m
  [4;36;1mTest Load (0.2ms)[0m   [0;1mSELECT * FROM `tests` WHERE (`tests`.`id` = 1) [0m
Rendering template within layouts/tests
Rendering tests/show
Completed in 13ms (View: 3, DB: 1) | 200 OK [http://localhost/tests/1]
  [4;35;1mSQL (0.1ms)[0m   [0mSET NAMES 'utf8'[0m
  [4;36;1mSQL (0.1ms)[0m   [0;1mSET SQL_AUTO_IS_NULL=0[0m


Processing TestsController#index (for 127.0.0.1 at 2009-12-19 09:22:35) [GET]
  [4;35;1mTest Load (0.3ms)[0m   [0mSELECT * FROM `tests` [0m
Rendering template within layouts/tests
Rendering tests/index
  [4;36;1mTest Columns (0.9ms)[0m   [0;1mSHOW FIELDS FROM `tests`[0m
Completed in 19ms (View: 10, DB: 1) | 200 OK [http://localhost/tests]
  [4;35;1mSQL (0.1ms)[0m   [0mSET NAMES 'utf8'[0m
  [4;36;1mSQL (0.1ms)[0m   [0;1mSET SQL_AUTO_IS_NULL=0[0m


Processing TestsController#new (for 127.0.0.1 at 2009-12-19 09:22:37) [GET]
  [4;35;1mTest Columns (0.9ms)[0m   [0mSHOW FIELDS FROM `tests`[0m
Rendering template within layouts/tests
Rendering tests/new
Completed in 16ms (View: 7, DB: 1) | 200 OK [http://localhost/tests/new]
  [4;36;1mSQL (0.1ms)[0m   [0;1mSET NAMES 'utf8'[0m
  [4;35;1mSQL (0.1ms)[0m   [0mSET SQL_AUTO_IS_NULL=0[0m


Processing TestsController#create (for 127.0.0.1 at 2009-12-19 09:22:43) [POST]
  Parameters: {"commit"=>"Create", "authenticity_token"=>"LNhJxbzNvEiggk1qvPLglELlK8u+pf32on7N7BAX41s=", "test"=>{"roll"=>"1", "name"=>"salil"}}
  [4;36;1mTest Columns (1.0ms)[0m   [0;1mSHOW FIELDS FROM `tests`[0m
  [4;35;1mSQL (0.1ms)[0m   [0mBEGIN[0m
  [4;36;1mTest Create (0.3ms)[0m   [0;1mINSERT INTO `tests` (`name`, `roll`, `updated_at`, `created_at`) VALUES('salil', 1, '2009-12-19 03:52:43', '2009-12-19 03:52:43')[0m
  [4;35;1mSQL (5.6ms)[0m   [0mCOMMIT[0m
Redirected to http://localhost:3000/tests/2
Completed in 20ms (DB: 7) | 302 Found [http://localhost/tests]
  [4;36;1mSQL (0.1ms)[0m   [0;1mSET NAMES 'utf8'[0m
  [4;35;1mSQL (0.1ms)[0m   [0mSET SQL_AUTO_IS_NULL=0[0m


Processing TestsController#show (for 127.0.0.1 at 2009-12-19 09:22:43) [GET]
  Parameters: {"id"=>"2"}
  [4;36;1mTest Columns (1.0ms)[0m   [0;1mSHOW FIELDS FROM `tests`[0m
  [4;35;1mTest Load (0.2ms)[0m   [0mSELECT * FROM `tests` WHERE (`tests`.`id` = 2) [0m
Rendering template within layouts/tests
Rendering tests/show
Completed in 14ms (View: 3, DB: 1) | 200 OK [http://localhost/tests/2]
  [4;36;1mSQL (0.1ms)[0m   [0;1mSET NAMES 'utf8'[0m
  [4;35;1mSQL (0.1ms)[0m   [0mSET SQL_AUTO_IS_NULL=0[0m


Processing TestsController#index (for 127.0.0.1 at 2009-12-19 09:22:44) [GET]
  [4;36;1mTest Load (0.3ms)[0m   [0;1mSELECT * FROM `tests` [0m
Rendering template within layouts/tests
Rendering tests/index
  [4;35;1mTest Columns (0.9ms)[0m   [0mSHOW FIELDS FROM `tests`[0m
Completed in 27ms (View: 17, DB: 1) | 200 OK [http://localhost/tests]
  [4;36;1mSQL (0.1ms)[0m   [0;1mSET NAMES 'utf8'[0m
  [4;35;1mSQL (0.1ms)[0m   [0mSET SQL_AUTO_IS_NULL=0[0m


Processing TestsController#new (for 127.0.0.1 at 2009-12-19 09:24:20) [GET]
  [4;36;1mTest Columns (1.0ms)[0m   [0;1mSHOW FIELDS FROM `tests`[0m
Rendering template within layouts/tests
Rendering tests/new
Completed in 16ms (View: 7, DB: 1) | 200 OK [http://localhost/tests/new]
  [4;35;1mSQL (0.1ms)[0m   [0mSET NAMES 'utf8'[0m
  [4;36;1mSQL (0.1ms)[0m   [0;1mSET SQL_AUTO_IS_NULL=0[0m


Processing TestsController#show (for 127.0.0.1 at 2009-12-19 09:24:36) [GET]
  Parameters: {"id"=>"1"}
  [4;35;1mTest Columns (1.2ms)[0m   [0mSHOW FIELDS FROM `tests`[0m
  [4;36;1mTest Load (0.3ms)[0m   [0;1mSELECT * FROM `tests` WHERE (`tests`.`id` = 1) [0m
Rendering template within layouts/tests
Rendering tests/show
Completed in 16ms (View: 4, DB: 2) | 200 OK [http://localhost/tests/1]
  [4;35;1mSQL (0.1ms)[0m   [0mSET NAMES 'utf8'[0m
  [4;36;1mSQL (0.1ms)[0m   [0;1mSET SQL_AUTO_IS_NULL=0[0m


Processing TestsController#index (for 127.0.0.1 at 2009-12-19 09:24:39) [GET]
  [4;35;1mTest Load (0.4ms)[0m   [0mSELECT * FROM `tests` [0m
Rendering template within layouts/tests
Rendering tests/index
  [4;36;1mTest Columns (1.5ms)[0m   [0;1mSHOW FIELDS FROM `tests`[0m
Completed in 37ms (View: 22, DB: 2) | 200 OK [http://localhost/tests]
  [4;35;1mSQL (0.1ms)[0m   [0mSET NAMES 'utf8'[0m
  [4;36;1mSQL (0.1ms)[0m   [0;1mSET SQL_AUTO_IS_NULL=0[0m


Processing TestsController#show (for 127.0.0.1 at 2009-12-19 09:24:43) [GET]
  Parameters: {"id"=>"2"}
  [4;35;1mTest Columns (1.0ms)[0m   [0mSHOW FIELDS FROM `tests`[0m
  [4;36;1mTest Load (0.3ms)[0m   [0;1mSELECT * FROM `tests` WHERE (`tests`.`id` = 2) [0m
Rendering template within layouts/tests
Rendering tests/show
Completed in 14ms (View: 4, DB: 2) | 200 OK [http://localhost/tests/2]
  [4;35;1mSQL (0.1ms)[0m   [0mSET NAMES 'utf8'[0m
  [4;36;1mSQL (0.1ms)[0m   [0;1mSET SQL_AUTO_IS_NULL=0[0m


Processing TestsController#index (for 127.0.0.1 at 2009-12-19 09:24:49) [GET]
  [4;35;1mTest Load (0.3ms)[0m   [0mSELECT * FROM `tests` [0m
Rendering template within layouts/tests
Rendering tests/index
  [4;36;1mTest Columns (0.9ms)[0m   [0;1mSHOW FIELDS FROM `tests`[0m
Completed in 26ms (View: 18, DB: 1) | 200 OK [http://localhost/tests]
  [4;35;1mSQL (0.2ms)[0m   [0mSET NAMES 'utf8'[0m
  [4;36;1mSQL (0.3ms)[0m   [0;1mSET SQL_AUTO_IS_NULL=0[0m


Processing TestsController#show (for 127.0.0.1 at 2009-12-19 09:26:05) [GET]
  Parameters: {"id"=>"index1"}
  [4;35;1mTest Columns (1.1ms)[0m   [0mSHOW FIELDS FROM `tests`[0m
  [4;36;1mTest Load (0.3ms)[0m   [0;1mSELECT * FROM `tests` WHERE (`tests`.`id` = 0) [0m

ActiveRecord::RecordNotFound (Couldn't find Test with ID=index1):
  app/controllers/tests_controller.rb:16:in `show'

Rendered rescues/_trace (48.6ms)
Rendered rescues/_request_and_response (2.0ms)
Rendering rescues/layout (not_found)
  [4;35;1mSQL (0.1ms)[0m   [0mSET NAMES 'utf8'[0m
  [4;36;1mSQL (0.1ms)[0m   [0;1mSET SQL_AUTO_IS_NULL=0[0m


Processing TestsController#index (for 127.0.0.1 at 2009-12-19 09:27:37) [GET]
  [4;35;1mTest Columns (0.9ms)[0m   [0mSHOW FIELDS FROM `tests`[0m
  [4;36;1mTest Load (0.4ms)[0m   [0;1mSELECT * FROM `tests` WHERE (`tests`.`id` = 1) [0m
Rendering template within layouts/tests
Rendering tests/index

ActionView::TemplateError (undefined method `each' for #<Test:0xb6b672ac>) on line #9 of app/views/tests/index.html.erb:
6:     <th>Roll</th>
7:   </tr>
8: 
9: <% @tests.each do |test| %>
10:   <tr>
11:     <td><%=h test.name %></td>
12:     <td><%=h test.roll %></td>

    app/views/tests/index.html.erb:9
    app/controllers/tests_controller.rb:7:in `index'

Rendered rescues/_trace (134.6ms)
Rendered rescues/_request_and_response (0.4ms)
Rendering rescues/layout (internal_server_error)
  [4;35;1mSQL (0.1ms)[0m   [0mSET NAMES 'utf8'[0m
  [4;36;1mSQL (0.1ms)[0m   [0;1mSET SQL_AUTO_IS_NULL=0[0m


Processing TestsController#index (for 127.0.0.1 at 2009-12-19 09:28:00) [GET]
  [4;35;1mTest Columns (1.0ms)[0m   [0mSHOW FIELDS FROM `tests`[0m
  [4;36;1mTest Load (0.2ms)[0m   [0;1mSELECT * FROM `tests` WHERE (`tests`.`id` = 1) [0m
Rendering template within layouts/tests
Rendering tests/index
Completed in 19ms (View: 10, DB: 1) | 200 OK [http://localhost/tests]
  [4;35;1mSQL (0.1ms)[0m   [0mSET NAMES 'utf8'[0m
  [4;36;1mSQL (0.1ms)[0m   [0;1mSET SQL_AUTO_IS_NULL=0[0m


Processing TestsController#show (for 127.0.0.1 at 2009-12-19 09:29:53) [GET]
  Parameters: {"id"=>"index1"}
  [4;35;1mTest Columns (1.0ms)[0m   [0mSHOW FIELDS FROM `tests`[0m
  [4;36;1mTest Load (0.3ms)[0m   [0;1mSELECT * FROM `tests` WHERE (`tests`.`id` = 0) [0m

ActiveRecord::RecordNotFound (Couldn't find Test with ID=index1):
  app/controllers/tests_controller.rb:26:in `show'

Rendered rescues/_trace (46.6ms)
Rendered rescues/_request_and_response (0.4ms)
Rendering rescues/layout (not_found)
  [4;35;1mSQL (0.1ms)[0m   [0mSET NAMES 'utf8'[0m
  [4;36;1mSQL (0.1ms)[0m   [0;1mSET SQL_AUTO_IS_NULL=0[0m


Processing TestsController#index1 (for 127.0.0.1 at 2009-12-19 09:30:12) [GET]
  Parameters: {"id"=>"1"}
  [4;35;1mTest Load (0.3ms)[0m   [0mSELECT * FROM `tests` [0m
Rendering template within layouts/tests
Rendering tests/index1
  [4;36;1mTest Columns (1.2ms)[0m   [0;1mSHOW FIELDS FROM `tests`[0m
Completed in 34ms (View: 24, DB: 2) | 200 OK [http://localhost/tests/index1/1]
  [4;36;1mSQL (0.1ms)[0m   [0;1mSET NAMES 'utf8'[0m
  [4;35;1mSQL (0.1ms)[0m   [0mSET SQL_AUTO_IS_NULL=0[0m


Processing TestsController#index1 (for 127.0.0.1 at 2009-12-19 09:32:21) [GET]
  Parameters: {"id"=>"1"}
  [4;36;1mTest Load (0.4ms)[0m   [0;1mSELECT * FROM `tests` [0m
Rendering template within layouts/tests
Rendering tests/index1
  [4;35;1mTest Columns (1.2ms)[0m   [0mSHOW FIELDS FROM `tests`[0m
Completed in 139ms (View: 129, DB: 2) | 200 OK [http://localhost/tests/index1/1]
  [4;36;1mSQL (0.1ms)[0m   [0;1mSET NAMES 'utf8'[0m
  [4;35;1mSQL (0.1ms)[0m   [0mSET SQL_AUTO_IS_NULL=0[0m


Processing TestsController#show (for 127.0.0.1 at 2009-12-19 09:32:24) [GET]
  Parameters: {"id"=>"index1"}
  [4;36;1mTest Columns (1.1ms)[0m   [0;1mSHOW FIELDS FROM `tests`[0m
  [4;35;1mTest Load (0.2ms)[0m   [0mSELECT * FROM `tests` WHERE (`tests`.`id` = 0) [0m

ActiveRecord::RecordNotFound (Couldn't find Test with ID=index1):
  app/controllers/tests_controller.rb:26:in `show'

Rendered rescues/_trace (49.2ms)
Rendered rescues/_request_and_response (2.1ms)
Rendering rescues/layout (not_found)
  [4;36;1mSQL (0.1ms)[0m   [0;1mSET NAMES 'utf8'[0m
  [4;35;1mSQL (0.1ms)[0m   [0mSET SQL_AUTO_IS_NULL=0[0m


Processing TestsController#show (for 127.0.0.1 at 2009-12-19 09:32:37) [GET]
  Parameters: {"id"=>"index1"}
  [4;36;1mTest Columns (1.0ms)[0m   [0;1mSHOW FIELDS FROM `tests`[0m
  [4;35;1mTest Load (0.2ms)[0m   [0mSELECT * FROM `tests` WHERE (`tests`.`id` = 0) [0m

ActiveRecord::RecordNotFound (Couldn't find Test with ID=index1):
  app/controllers/tests_controller.rb:26:in `show'

Rendered rescues/_trace (51.0ms)
Rendered rescues/_request_and_response (2.2ms)
Rendering rescues/layout (not_found)
  [4;36;1mSQL (0.1ms)[0m   [0;1mSET NAMES 'utf8'[0m
  [4;35;1mSQL (0.1ms)[0m   [0mSET SQL_AUTO_IS_NULL=0[0m


Processing TestsController#show (for 127.0.0.1 at 2009-12-19 09:33:54) [GET]
  Parameters: {"id"=>"index1"}
  [4;36;1mTest Columns (1.0ms)[0m   [0;1mSHOW FIELDS FROM `tests`[0m
  [4;35;1mTest Load (0.2ms)[0m   [0mSELECT * FROM `tests` WHERE (`tests`.`id` = 0) [0m

ActiveRecord::RecordNotFound (Couldn't find Test with ID=index1):
  app/controllers/tests_controller.rb:26:in `show'

Rendered rescues/_trace (51.0ms)
Rendered rescues/_request_and_response (2.0ms)
Rendering rescues/layout (not_found)
  [4;36;1mSQL (0.1ms)[0m   [0;1mSET NAMES 'utf8'[0m
  [4;35;1mSQL (0.1ms)[0m   [0mSET SQL_AUTO_IS_NULL=0[0m


Processing TestsController#index1 (for 127.0.0.1 at 2009-12-19 09:34:15) [GET]
  Parameters: {"id"=>"1"}
  [4;36;1mTest Load (0.3ms)[0m   [0;1mSELECT * FROM `tests` [0m
Rendering template within layouts/tests
Rendering tests/index1
  [4;35;1mTest Columns (1.0ms)[0m   [0mSHOW FIELDS FROM `tests`[0m
Completed in 60ms (View: 50, DB: 2) | 200 OK [http://localhost/tests/index1/1]
  [4;36;1mSQL (0.1ms)[0m   [0;1mSET NAMES 'utf8'[0m
  [4;35;1mSQL (0.1ms)[0m   [0mSET SQL_AUTO_IS_NULL=0[0m


Processing TestsController#index (for 127.0.0.1 at 2009-12-19 09:36:16) [GET]
  [4;36;1mTest Load (0.4ms)[0m   [0;1mSELECT * FROM `tests` [0m
Rendering template within layouts/tests
Rendering tests/index
  [4;35;1mTest Columns (1.1ms)[0m   [0mSHOW FIELDS FROM `tests`[0m
Completed in 33ms (View: 23, DB: 2) | 200 OK [http://localhost/tests]
  [4;36;1mSQL (0.1ms)[0m   [0;1mSET NAMES 'utf8'[0m
  [4;35;1mSQL (0.1ms)[0m   [0mSET SQL_AUTO_IS_NULL=0[0m


Processing TestsController#index (for 127.0.0.1 at 2009-12-19 09:38:56) [GET]
  [4;36;1mTest Load (0.3ms)[0m   [0;1mSELECT name FROM `tests` [0m
Rendering template within layouts/tests
Rendering tests/index
  [4;35;1mTest Columns (0.9ms)[0m   [0mSHOW FIELDS FROM `tests`[0m

ActionView::TemplateError (test_url failed to generate from {:action=>"show", :controller=>"tests", :id=>#<Test name: "Sunny">}, expected: {:action=>"show", :controller=>"tests"}, diff: {:id=>#<Test name: "Sunny">}) on line #13 of app/views/tests/index.html.erb:
10:   <tr>
11:     <td><%=h test.name %></td>
12:     <td><%#=h test.roll %></td>
13:     <td><%= link_to 'Show', test %></td>
14:     <td><%= link_to 'Edit', edit_test_path(test) %></td>
15:     <td><%= link_to 'Destroy', test, :confirm => 'Are you sure?', :method => :delete %></td>
16:   </tr>

    (eval):16:in `test_path'
    app/views/tests/index.html.erb:13
    app/views/tests/index.html.erb:9:in `each'
    app/views/tests/index.html.erb:9
    app/controllers/tests_controller.rb:7:in `index'

Rendered rescues/_trace (155.4ms)
Rendered rescues/_request_and_response (1.9ms)
Rendering rescues/layout (internal_server_error)
  [4;36;1mSQL (0.1ms)[0m   [0;1mSET NAMES 'utf8'[0m
  [4;35;1mSQL (0.1ms)[0m   [0mSET SQL_AUTO_IS_NULL=0[0m


Processing TestsController#index (for 127.0.0.1 at 2009-12-19 09:39:17) [GET]
  [4;36;1mTest Load (0.3ms)[0m   [0;1mSELECT name FROM `tests` [0m
Rendering template within layouts/tests
Rendering tests/index
  [4;35;1mTest Columns (0.8ms)[0m   [0mSHOW FIELDS FROM `tests`[0m

ActionView::TemplateError (test_url failed to generate from {:action=>"show", :controller=>"tests", :id=>#<Test name: "Sunny">}, expected: {:action=>"show", :controller=>"tests"}, diff: {:id=>#<Test name: "Sunny">}) on line #13 of app/views/tests/index.html.erb:
10:   <tr>
11:     <td><%=h test.name %></td>
12:     <td><%#=h test.roll %></td>
13:     <td><%= link_to 'Show', test %></td>
14:     <td><%= link_to 'Edit', edit_test_path(test) %></td>
15:     <td><%= link_to 'Destroy', test, :confirm => 'Are you sure?', :method => :delete %></td>
16:   </tr>

    (eval):16:in `test_path'
    app/views/tests/index.html.erb:13
    app/views/tests/index.html.erb:9:in `each'
    app/views/tests/index.html.erb:9

Rendered rescues/_trace (66.7ms)
Rendered rescues/_request_and_response (0.4ms)
Rendering rescues/layout (internal_server_error)
  [4;36;1mSQL (0.1ms)[0m   [0;1mSET NAMES 'utf8'[0m
  [4;35;1mSQL (0.1ms)[0m   [0mSET SQL_AUTO_IS_NULL=0[0m


Processing TestsController#index (for 127.0.0.1 at 2009-12-19 09:39:31) [GET]
  [4;36;1mTest Load (0.3ms)[0m   [0;1mSELECT name FROM `tests` [0m
Rendering template within layouts/tests
Rendering tests/index
  [4;35;1mTest Columns (0.9ms)[0m   [0mSHOW FIELDS FROM `tests`[0m
Completed in 19ms (View: 9, DB: 1) | 200 OK [http://localhost/tests]
  [4;36;1mSQL (0.1ms)[0m   [0;1mSET NAMES 'utf8'[0m
  [4;35;1mSQL (0.1ms)[0m   [0mSET SQL_AUTO_IS_NULL=0[0m


Processing TestsController#show (for 127.0.0.1 at 2009-12-19 09:40:20) [GET]
  Parameters: {"id"=>"index1"}
  [4;36;1mTest Columns (1.0ms)[0m   [0;1mSHOW FIELDS FROM `tests`[0m
  [4;35;1mTest Load (0.3ms)[0m   [0mSELECT * FROM `tests` WHERE (`tests`.`id` = 0) [0m

ActiveRecord::RecordNotFound (Couldn't find Test with ID=index1):
  app/controllers/tests_controller.rb:18:in `show'

Rendered rescues/_trace (122.9ms)
Rendered rescues/_request_and_response (0.4ms)
Rendering rescues/layout (not_found)
  [4;36;1mSQL (0.1ms)[0m   [0;1mSET NAMES 'utf8'[0m
  [4;35;1mSQL (0.1ms)[0m   [0mSET SQL_AUTO_IS_NULL=0[0m


Processing TestsController#show (for 127.0.0.1 at 2009-12-19 09:41:03) [GET]
  Parameters: {"id"=>"index1"}
  [4;36;1mTest Columns (1.0ms)[0m   [0;1mSHOW FIELDS FROM `tests`[0m
  [4;35;1mTest Load (0.2ms)[0m   [0mSELECT * FROM `tests` WHERE (`tests`.`id` = 0) [0m

ActiveRecord::RecordNotFound (Couldn't find Test with ID=index1):
  app/controllers/tests_controller.rb:18:in `show'

Rendered rescues/_trace (50.8ms)
Rendered rescues/_request_and_response (2.0ms)
Rendering rescues/layout (not_found)
  [4;36;1mSQL (0.1ms)[0m   [0;1mSET NAMES 'utf8'[0m
  [4;35;1mSQL (0.1ms)[0m   [0mSET SQL_AUTO_IS_NULL=0[0m


Processing TestsController#new (for 127.0.0.1 at 2009-12-19 09:58:21) [GET]
  [4;36;1mTest Columns (1.0ms)[0m   [0;1mSHOW FIELDS FROM `tests`[0m
Rendering template within layouts/tests
Rendering tests/new
Completed in 51ms (View: 41, DB: 1) | 200 OK [http://localhost/tests/new]
  [4;35;1mSQL (0.4ms)[0m   [0mSET NAMES 'utf8'[0m
  [4;36;1mSQL (0.1ms)[0m   [0;1mSET SQL_AUTO_IS_NULL=0[0m


Processing TestsController#create (for 127.0.0.1 at 2009-12-19 09:59:32) [POST]
  Parameters: {"commit"=>"Create", "authenticity_token"=>"LNhJxbzNvEiggk1qvPLglELlK8u+pf32on7N7BAX41s=", "test"=>{"roll"=>"", "name"=>"anubhaw"}}
  [4;35;1mTest Columns (0.9ms)[0m   [0mSHOW FIELDS FROM `tests`[0m

NoMethodError (undefined method `stringify_keys!' for "anubhaw":String):
  app/controllers/tests_controller.rb:45:in `new'
  app/controllers/tests_controller.rb:45:in `create'

Rendered rescues/_trace (47.3ms)
Rendered rescues/_request_and_response (0.5ms)
Rendering rescues/layout (internal_server_error)
  [4;36;1mSQL (0.1ms)[0m   [0;1mSET NAMES 'utf8'[0m
  [4;35;1mSQL (0.1ms)[0m   [0mSET SQL_AUTO_IS_NULL=0[0m


Processing TestsController#new (for 127.0.0.1 at 2009-12-19 10:02:02) [GET]
  [4;36;1mTest Columns (1.1ms)[0m   [0;1mSHOW FIELDS FROM `tests`[0m
Rendering template within layouts/tests
Rendering tests/new
Completed in 17ms (View: 7, DB: 1) | 200 OK [http://localhost/tests/new]
  [4;35;1mSQL (0.1ms)[0m   [0mSET NAMES 'utf8'[0m
  [4;36;1mSQL (0.1ms)[0m   [0;1mSET SQL_AUTO_IS_NULL=0[0m


Processing TestsController#index (for 127.0.0.1 at 2009-12-19 10:02:24) [GET]
  [4;35;1mTest Load (0.3ms)[0m   [0mSELECT * FROM `tests` [0m
Rendering template within layouts/tests
Rendering tests/index
  [4;36;1mTest Columns (0.9ms)[0m   [0;1mSHOW FIELDS FROM `tests`[0m
Completed in 92ms (View: 10, DB: 1) | 200 OK [http://localhost/tests]
  [4;35;1mSQL (0.1ms)[0m   [0mSET NAMES 'utf8'[0m
  [4;36;1mSQL (0.1ms)[0m   [0;1mSET SQL_AUTO_IS_NULL=0[0m


Processing TestsController#new (for 127.0.0.1 at 2009-12-19 10:02:25) [GET]
  [4;35;1mTest Columns (0.9ms)[0m   [0mSHOW FIELDS FROM `tests`[0m
Rendering template within layouts/tests
Rendering tests/new
Completed in 16ms (View: 7, DB: 1) | 200 OK [http://localhost/tests/new]
  [4;36;1mSQL (0.1ms)[0m   [0;1mSET NAMES 'utf8'[0m
  [4;35;1mSQL (0.1ms)[0m   [0mSET SQL_AUTO_IS_NULL=0[0m


Processing TestsController#index (for 127.0.0.1 at 2009-12-19 10:02:27) [GET]
  [4;36;1mTest Load (0.3ms)[0m   [0;1mSELECT * FROM `tests` [0m
Rendering template within layouts/tests
Rendering tests/index
  [4;35;1mTest Columns (0.8ms)[0m   [0mSHOW FIELDS FROM `tests`[0m
Completed in 16ms (View: 3, DB: 1) | 200 OK [http://localhost/tests]
  [4;36;1mSQL (0.1ms)[0m   [0;1mSET NAMES 'utf8'[0m
  [4;35;1mSQL (0.1ms)[0m   [0mSET SQL_AUTO_IS_NULL=0[0m


Processing TestsController#index (for 127.0.0.1 at 2009-12-19 10:02:40) [GET]
  [4;36;1mTest Load (0.3ms)[0m   [0;1mSELECT * FROM `tests` [0m
Rendering template within layouts/tests
Rendering tests/index
  [4;35;1mTest Columns (0.9ms)[0m   [0mSHOW FIELDS FROM `tests`[0m
Completed in 32ms (View: 23, DB: 1) | 200 OK [http://localhost/tests]
  [4;36;1mSQL (0.1ms)[0m   [0;1mSET NAMES 'utf8'[0m
  [4;35;1mSQL (0.1ms)[0m   [0mSET SQL_AUTO_IS_NULL=0[0m


Processing TestsController#edit (for 127.0.0.1 at 2009-12-19 10:02:41) [GET]
  Parameters: {"id"=>"1"}
  [4;36;1mTest Columns (1.0ms)[0m   [0;1mSHOW FIELDS FROM `tests`[0m
  [4;35;1mTest Load (0.4ms)[0m   [0mSELECT * FROM `tests` WHERE (`tests`.`id` = 1) [0m
Rendering template within layouts/tests
Rendering tests/edit
Completed in 25ms (View: 15, DB: 2) | 200 OK [http://localhost/tests/1/edit]
  [4;36;1mSQL (0.2ms)[0m   [0;1mSET NAMES 'utf8'[0m
  [4;35;1mSQL (0.1ms)[0m   [0mSET SQL_AUTO_IS_NULL=0[0m


Processing TestsController#index (for 127.0.0.1 at 2011-09-23 11:43:35) [GET]
  [4;36;1mTest Load (74.4ms)[0m   [0;1mSELECT * FROM `tests` [0m
Rendering template within layouts/tests
Rendering tests/index
  [4;35;1mTest Columns (13.5ms)[0m   [0mSHOW FIELDS FROM `tests`[0m
Completed in 262ms (View: 151, DB: 88) | 200 OK [http://localhost/tests]
  [4;36;1mSQL (0.4ms)[0m   [0;1mSET NAMES 'utf8'[0m
  [4;35;1mSQL (0.6ms)[0m   [0mSET SQL_AUTO_IS_NULL=0[0m


Processing TestsController#destroy (for 127.0.0.1 at 2011-09-23 11:43:44) [DELETE]
  Parameters: {"authenticity_token"=>"NJXv9udOMrJYhVB8xtYmv6BrHCnhi7WhzF9uWhN5x3Q=", "id"=>"1"}
  [4;36;1mTest Columns (0.9ms)[0m   [0;1mSHOW FIELDS FROM `tests`[0m
  [4;35;1mTest Load (0.2ms)[0m   [0mSELECT * FROM `tests` WHERE (`tests`.`id` = 1) [0m
  [4;36;1mSQL (0.1ms)[0m   [0;1mBEGIN[0m
  [4;35;1mTest Destroy (39.9ms)[0m   [0mDELETE FROM `tests` WHERE `id` = 1[0m
  [4;36;1mSQL (9.5ms)[0m   [0;1mCOMMIT[0m
Redirected to http://localhost:3001/tests
Completed in 61ms (DB: 52) | 302 Found [http://localhost/tests/1]
  [4;35;1mSQL (0.1ms)[0m   [0mSET NAMES 'utf8'[0m
  [4;36;1mSQL (0.1ms)[0m   [0;1mSET SQL_AUTO_IS_NULL=0[0m


Processing TestsController#index (for 127.0.0.1 at 2011-09-23 11:43:44) [GET]
  [4;35;1mTest Load (0.3ms)[0m   [0mSELECT * FROM `tests` [0m
Rendering template within layouts/tests
Rendering tests/index
  [4;36;1mTest Columns (0.8ms)[0m   [0;1mSHOW FIELDS FROM `tests`[0m
Completed in 19ms (View: 10, DB: 1) | 200 OK [http://localhost/tests]
  [4;35;1mSQL (0.1ms)[0m   [0mSET NAMES 'utf8'[0m
  [4;36;1mSQL (0.1ms)[0m   [0;1mSET SQL_AUTO_IS_NULL=0[0m


Processing TestsController#new (for 127.0.0.1 at 2011-09-23 11:43:48) [GET]
  [4;35;1mTest Columns (1.0ms)[0m   [0mSHOW FIELDS FROM `tests`[0m
Rendering template within layouts/tests
Rendering tests/new
Completed in 32ms (View: 22, DB: 1) | 200 OK [http://localhost/tests/new]
